#
# A fatal error has been detected by the Java Runtime Environment:
#
#  EXCEPTION_ACCESS_VIOLATION (0xc0000005) at pc=0x00007ffba6ffd69b, pid=46644, tid=45104
#
# JRE version: Java(TM) SE Runtime Environment 18.9 (11.0.17+10) (build 11.0.17+10-LTS-269)
# Java VM: Java HotSpot(TM) 64-Bit Server VM 18.9 (11.0.17+10-LTS-269, mixed mode, tiered, compressed oops, g1 gc, windows-amd64)
# Problematic frame:
# C  [atio6axx.dll+0x17bd69b]
#
# No core dump will be written. Minidumps are not enabled by default on client versions of Windows
#
# If you would like to submit a bug report, please visit:
#   https://bugreport.java.com/bugreport/crash.jsp
# The crash happened outside the Java Virtual Machine in native code.
# See problematic frame for where to report the bug.
#

---------------  S U M M A R Y ------------

Command Line: -Dsun.java2d.d3d=false -Dsun.java2d.uiScale=1 a2.MyGame

Host: AMD Ryzen 5 3600X 6-Core Processor             , 12 cores, 31G,  Windows 10 , 64 bit Build 19041 (10.0.19041.2546)
Time: Thu Mar  9 16:36:00 2023 Pacific Standard Time elapsed time: 29.266193 seconds (0d 0h 0m 29s)

---------------  T H R E A D  ---------------

Current thread (0x000001d8c5d2e800):  JavaThread "AWT-EventQueue-0" [_thread_in_native, id=45104, stack(0x000000a602200000,0x000000a602300000)]

Stack: [0x000000a602200000,0x000000a602300000],  sp=0x000000a6022fbb50,  free space=1006k
Native frames: (J=compiled Java code, j=interpreted, Vv=VM code, C=native code)
C  [atio6axx.dll+0x17bd69b]

Java frames: (J=compiled Java code, j=interpreted, Vv=VM code)
J 3073  jogamp.nativewindow.windows.GDI.SwapBuffers(J)Z (0 bytes) @ 0x000001d8a7396071 [0x000001d8a7396020+0x0000000000000051]
J 3001 c1 jogamp.opengl.windows.wgl.WindowsWGLDrawable.swapBuffersImpl(Z)V (153 bytes) @ 0x000001d8a02fdf8c [0x000001d8a02fdd00+0x000000000000028c]
J 3000 c1 jogamp.opengl.GLDrawableImpl.swapBuffers()V (138 bytes) @ 0x000001d8a02fcaf4 [0x000001d8a02fc440+0x00000000000006b4]
J 3112 c1 jogamp.opengl.GLDrawableHelper.invokeGLImpl(Lcom/jogamp/opengl/GLDrawable;Lcom/jogamp/opengl/GLContext;Ljava/lang/Runnable;Ljava/lang/Runnable;)V (579 bytes) @ 0x000001d8a033cc64 [0x000001d8a033bce0+0x0000000000000f84]
J 3111 c1 jogamp.opengl.GLDrawableHelper.invokeGL(Lcom/jogamp/opengl/GLDrawable;Lcom/jogamp/opengl/GLContext;Ljava/lang/Runnable;Ljava/lang/Runnable;)V (76 bytes) @ 0x000001d8a033b6fc [0x000001d8a033b640+0x00000000000000bc]
J 3107 c1 com.jogamp.opengl.awt.GLCanvas$12.run()V (126 bytes) @ 0x000001d8a0337964 [0x000001d8a0337400+0x0000000000000564]
J 2770 c1 java.awt.event.InvocationEvent.dispatch()V java.desktop@11.0.17 (69 bytes) @ 0x000001d8a02584d4 [0x000001d8a0258380+0x0000000000000154]
J 2824 c1 java.awt.EventQueue.dispatchEventImpl(Ljava/awt/AWTEvent;Ljava/lang/Object;)V java.desktop@11.0.17 (136 bytes) @ 0x000001d8a027f5fc [0x000001d8a027dc20+0x00000000000019dc]
J 2826 c1 java.awt.EventQueue$4.run()Ljava/lang/Void; java.desktop@11.0.17 (60 bytes) @ 0x000001d8a02812c4 [0x000001d8a0281180+0x0000000000000144]
J 2550 c1 java.awt.EventQueue$4.run()Ljava/lang/Object; java.desktop@11.0.17 (5 bytes) @ 0x000001d8a01e7ec4 [0x000001d8a01e7e40+0x0000000000000084]
v  ~StubRoutines::call_stub
J 1121  java.security.AccessController.doPrivileged(Ljava/security/PrivilegedAction;Ljava/security/AccessControlContext;)Ljava/lang/Object; java.base@11.0.17 (0 bytes) @ 0x000001d8a726f536 [0x000001d8a726f4c0+0x0000000000000076]
J 2548 c1 java.awt.EventQueue.dispatchEvent(Ljava/awt/AWTEvent;)V java.desktop@11.0.17 (80 bytes) @ 0x000001d8a01e6794 [0x000001d8a01e6020+0x0000000000000774]
J 2566 c1 java.awt.EventDispatchThread.pumpOneEventForFilters(I)V java.desktop@11.0.17 (113 bytes) @ 0x000001d8a01f06e4 [0x000001d8a01eff80+0x0000000000000764]
j  java.awt.EventDispatchThread.pumpEventsForFilter(ILjava/awt/Conditional;Ljava/awt/EventFilter;)V+35 java.desktop@11.0.17
j  java.awt.EventDispatchThread.pumpEventsForHierarchy(ILjava/awt/Conditional;Ljava/awt/Component;)V+11 java.desktop@11.0.17
j  java.awt.EventDispatchThread.pumpEvents(ILjava/awt/Conditional;)V+4 java.desktop@11.0.17
j  java.awt.EventDispatchThread.pumpEvents(Ljava/awt/Conditional;)V+3 java.desktop@11.0.17
j  java.awt.EventDispatchThread.run()V+9 java.desktop@11.0.17
v  ~StubRoutines::call_stub

siginfo: EXCEPTION_ACCESS_VIOLATION (0xc0000005), reading address 0x0000000000000040


Register to memory mapping:

RIP=0x00007ffba6ffd69b atio6axx.dll
RAX=0x000001d9cfc82418 points into unknown readable memory: 0x00007ffba6fd7ee0 | e0 7e fd a6 fb 7f 00 00
RBX=0x0 is NULL
RCX=0x0 is NULL
RDX=0x0 is NULL
RSP=0x000000a6022fbb50 is pointing into the stack for thread: 0x000001d8c5d2e800
RBP=0x000001d9cfc81f70 points into unknown readable memory: 0x00007ffba807bf58 | 58 bf 07 a8 fb 7f 00 00
RSI=0x000001d9c18fb660 points into unknown readable memory: 0x00007ffba807b7c0 | c0 b7 07 a8 fb 7f 00 00
RDI=0x0 is NULL
R8 =0x0 is NULL
R9 =0x0 is NULL
R10=0x00007ffba807f0e0 atio6axx.dll
R11=0x0 is NULL
R12=0x0000000000000003 is an unknown value
R13=0x000001d9d69e9360 points into unknown readable memory: 0x00007ffba807f0e0 | e0 f0 07 a8 fb 7f 00 00
R14=0x0 is NULL
R15=0x0 is NULL


Registers:
RAX=0x000001d9cfc82418, RBX=0x0000000000000000, RCX=0x0000000000000000, RDX=0x0000000000000000
RSP=0x000000a6022fbb50, RBP=0x000001d9cfc81f70, RSI=0x000001d9c18fb660, RDI=0x0000000000000000
R8 =0x0000000000000000, R9 =0x0000000000000000, R10=0x00007ffba807f0e0, R11=0x0000000000000000
R12=0x0000000000000003, R13=0x000001d9d69e9360, R14=0x0000000000000000, R15=0x0000000000000000
RIP=0x00007ffba6ffd69b, EFLAGS=0x0000000000010246

Top of Stack: (sp=0x000000a6022fbb50)
0x000000a6022fbb50:   000001d9ac02cc60 000001d895e60000
0x000000a6022fbb60:   000001d895e602f0 000001d895f40000
0x000000a6022fbb70:   000001d9d69e9360 00007ffba707c417
0x000000a6022fbb80:   000001d9d69e9360 0000000000000000
0x000000a6022fbb90:   0000000000000000 0000000000000140
0x000000a6022fbba0:   0000000000000130 0000000000000010
0x000000a6022fbbb0:   000001d895f40000 000000a6022fbc79
0x000000a6022fbbc0:   0000000000000014 00007ffbf5f5b3c7
0x000000a6022fbbd0:   000001d895e60000 0000000000000000
0x000000a6022fbbe0:   0000000000000130 0000000000000000
0x000000a6022fbbf0:   0000000000000000 0000000000000000
0x000000a6022fbc00:   0000000000000000 000001d9c18fb660
0x000000a6022fbc10:   0000000000010000 00007ffba702b89e
0x000000a6022fbc20:   000001d9d69e9360 000000a6022fbe00
0x000000a6022fbc30:   0000000000000000 000000a6022fbcf0
0x000000a6022fbc40:   0000000000001001 00007ffba702bb1c 

Instructions: (pc=0x00007ffba6ffd69b)
0x00007ffba6ffd67b:   01 00 00 00 48 83 c4 40 41 5d 5f 5b c3 cc cc cc
0x00007ffba6ffd68b:   cc cc cc cc cc 40 53 48 83 ec 20 48 8b d9 33 d2
0x00007ffba6ffd69b:   48 8b 49 40 48 8b 01 ff 50 18 48 8b 43 40 33 c9
0x00007ffba6ffd6ab:   c7 80 54 01 00 00 01 00 00 00 48 8b 83 48 04 00 


Stack slot to memory mapping:
stack at sp + 0 slots: 0x000001d9ac02cc60 points into unknown readable memory: 0x0001000200000000 | 00 00 00 00 02 00 01 00
stack at sp + 1 slots: 0x000001d895e60000 points into unknown readable memory: 0x0000000000000000 | 00 00 00 00 00 00 00 00
stack at sp + 2 slots: 0x000001d895e602f0 points into unknown readable memory: 0x0114001500130014 | 14 00 13 00 15 00 14 01
stack at sp + 3 slots: 0x000001d895f40000 points into unknown readable memory: 0x0000000000000000 | 00 00 00 00 00 00 00 00
stack at sp + 4 slots: 0x000001d9d69e9360 points into unknown readable memory: 0x00007ffba807f0e0 | e0 f0 07 a8 fb 7f 00 00
stack at sp + 5 slots: 0x00007ffba707c417 atio6axx.dll
stack at sp + 6 slots: 0x000001d9d69e9360 points into unknown readable memory: 0x00007ffba807f0e0 | e0 f0 07 a8 fb 7f 00 00
stack at sp + 7 slots: 0x0 is NULL


---------------  P R O C E S S  ---------------

Threads class SMR info:
_java_thread_list=0x000001d8cf4cbee0, length=17, elements={
0x000001d8c527a000, 0x000001d8c527b000, 0x000001d8c5301800, 0x000001d8c5302800,
0x000001d8c5303800, 0x000001d8c530a000, 0x000001d8c5317800, 0x000001d8c5323000,
0x000001d8c548d800, 0x000001d8c58f6000, 0x000001d8c5921000, 0x000001d8c5921800,
0x000001d8c5d2e800, 0x000001d8c5a7f000, 0x000001d8c7ba5800, 0x000001d8c7ba7800,
0x000001d8c7ba7000
}

Java Threads: ( => current thread )
  0x000001d8c527a000 JavaThread "Reference Handler" daemon [_thread_blocked, id=43020, stack(0x000000a601400000,0x000000a601500000)]
  0x000001d8c527b000 JavaThread "Finalizer" daemon [_thread_blocked, id=13804, stack(0x000000a601500000,0x000000a601600000)]
  0x000001d8c5301800 JavaThread "Signal Dispatcher" daemon [_thread_blocked, id=42720, stack(0x000000a601600000,0x000000a601700000)]
  0x000001d8c5302800 JavaThread "Attach Listener" daemon [_thread_blocked, id=28544, stack(0x000000a601700000,0x000000a601800000)]
  0x000001d8c5303800 JavaThread "Service Thread" daemon [_thread_blocked, id=45412, stack(0x000000a601800000,0x000000a601900000)]
  0x000001d8c530a000 JavaThread "C2 CompilerThread0" daemon [_thread_blocked, id=41820, stack(0x000000a601900000,0x000000a601a00000)]
  0x000001d8c5317800 JavaThread "C1 CompilerThread0" daemon [_thread_blocked, id=7864, stack(0x000000a601a00000,0x000000a601b00000)]
  0x000001d8c5323000 JavaThread "Sweeper thread" daemon [_thread_blocked, id=15532, stack(0x000000a601b00000,0x000000a601c00000)]
  0x000001d8c548d800 JavaThread "Common-Cleaner" daemon [_thread_blocked, id=45204, stack(0x000000a601d00000,0x000000a601e00000)]
  0x000001d8c58f6000 JavaThread "Java2D Disposer" daemon [_thread_blocked, id=17720, stack(0x000000a601e00000,0x000000a601f00000)]
  0x000001d8c5921000 JavaThread "AWT-Shutdown" [_thread_blocked, id=41784, stack(0x000000a601f00000,0x000000a602000000)]
  0x000001d8c5921800 JavaThread "AWT-Windows" daemon [_thread_in_native, id=20184, stack(0x000000a602000000,0x000000a602100000)]
=>0x000001d8c5d2e800 JavaThread "AWT-EventQueue-0" [_thread_in_native, id=45104, stack(0x000000a602200000,0x000000a602300000)]
  0x000001d8c5a7f000 JavaThread "Thread-1" daemon [_thread_in_native, id=37836, stack(0x000000a602500000,0x000000a602600000)]
  0x000001d8c7ba5800 JavaThread "main-SharedResourceRunner" daemon [_thread_blocked, id=47004, stack(0x000000a602600000,0x000000a602700000)]
  0x000001d8c7ba7800 JavaThread "main-AWTAnimator#00" [_thread_blocked, id=11216, stack(0x000000a603600000,0x000000a603700000)]
  0x000001d8c7ba7000 JavaThread "DestroyJavaVM" [_thread_blocked, id=46992, stack(0x000000a600d00000,0x000000a600e00000)]

Other Threads:
  0x000001d8c5279000 VMThread "VM Thread" [stack: 0x000000a601300000,0x000000a601400000] [id=7516]
  0x000001d8c548d000 WatcherThread [stack: 0x000000a601c00000,0x000000a601d00000] [id=8592]
  0x000001d89807a800 GCTaskThread "GC Thread#0" [stack: 0x000000a600e00000,0x000000a600f00000] [id=44876]
  0x000001d8c7bf6800 GCTaskThread "GC Thread#1" [stack: 0x000000a602700000,0x000000a602800000] [id=7816]
  0x000001d8c7962800 GCTaskThread "GC Thread#2" [stack: 0x000000a602800000,0x000000a602900000] [id=35972]
  0x000001d8c7963000 GCTaskThread "GC Thread#3" [stack: 0x000000a602900000,0x000000a602a00000] [id=41512]
  0x000001d8c7aba000 GCTaskThread "GC Thread#4" [stack: 0x000000a602a00000,0x000000a602b00000] [id=46156]
  0x000001d8c7aba800 GCTaskThread "GC Thread#5" [stack: 0x000000a602b00000,0x000000a602c00000] [id=46448]
  0x000001d8c7bf3800 GCTaskThread "GC Thread#6" [stack: 0x000000a602c00000,0x000000a602d00000] [id=40052]
  0x000001d8c7bf4800 GCTaskThread "GC Thread#7" [stack: 0x000000a602d00000,0x000000a602e00000] [id=39056]
  0x000001d8c7bf5000 GCTaskThread "GC Thread#8" [stack: 0x000000a602e00000,0x000000a602f00000] [id=36448]
  0x000001d8c7ac4000 GCTaskThread "GC Thread#9" [stack: 0x000000a602f00000,0x000000a603000000] [id=43460]
  0x000001d8980f9000 ConcurrentGCThread "G1 Main Marker" [stack: 0x000000a600f00000,0x000000a601000000] [id=16124]
  0x000001d8980fa000 ConcurrentGCThread "G1 Conc#0" [stack: 0x000000a601000000,0x000000a601100000] [id=18948]
  0x000001d8c7495000 ConcurrentGCThread "G1 Conc#1" [stack: 0x000000a603000000,0x000000a603100000] [id=44208]
  0x000001d8c7ab9000 ConcurrentGCThread "G1 Conc#2" [stack: 0x000000a603200000,0x000000a603300000] [id=32108]
  0x000001d8c48d5800 ConcurrentGCThread "G1 Refine#0" [stack: 0x000000a601100000,0x000000a601200000] [id=35904]
  0x000001d8c7494800 ConcurrentGCThread "G1 Refine#1" [stack: 0x000000a603100000,0x000000a603200000] [id=9924]
  0x000001d8c48d6800 ConcurrentGCThread "G1 Young RemSet Sampling" [stack: 0x000000a601200000,0x000000a601300000] [id=46140]

Threads with active compile tasks:

VM state:not at safepoint (normal execution)

VM Mutex/Monitor currently owned by a thread: None

Heap address: 0x0000000601c00000, size: 8164 MB, Compressed Oops mode: Zero based, Oop shift amount: 3
Narrow klass base: 0x0000000800000000, Narrow klass shift: 0
Compressed class space size: 1073741824 Address: 0x0000000800000000

Heap:
 garbage-first heap   total 524288K, used 210681K [0x0000000601c00000, 0x0000000800000000)
  region size 2048K, 51 young (104448K), 1 survivors (2048K)
 Metaspace       used 29659K, capacity 30258K, committed 30592K, reserved 1077248K
  class space    used 2810K, capacity 3084K, committed 3200K, reserved 1048576K
Heap Regions: E=young(eden), S=young(survivor), O=old, HS=humongous(starts), HC=humongous(continues), CS=collection set, F=free, A=archive, TAMS=top-at-mark-start (previous, next)
|   0|0x0000000601c00000, 0x0000000601e00000, 0x0000000601e00000|100%| O|  |TAMS 0x0000000601dd0200, 0x0000000601c00000| Untracked 
|   1|0x0000000601e00000, 0x0000000602000000, 0x0000000602000000|100%| O|  |TAMS 0x0000000601e00000, 0x0000000601e00000| Untracked 
|   2|0x0000000602000000, 0x0000000602200000, 0x0000000602200000|100%| O|  |TAMS 0x0000000602000000, 0x0000000602000000| Untracked 
|   3|0x0000000602200000, 0x0000000602400000, 0x0000000602400000|100%|HS|  |TAMS 0x0000000602200000, 0x0000000602200000| Complete 
|   4|0x0000000602400000, 0x0000000602600000, 0x0000000602600000|100%|HC|  |TAMS 0x0000000602400000, 0x0000000602400000| Complete 
|   5|0x0000000602600000, 0x0000000602800000, 0x0000000602800000|100%|HC|  |TAMS 0x0000000602600000, 0x0000000602600000| Complete 
|   6|0x0000000602800000, 0x0000000602a00000, 0x0000000602a00000|100%|HC|  |TAMS 0x0000000602800000, 0x0000000602800000| Complete 
|   7|0x0000000602a00000, 0x0000000602c00000, 0x0000000602c00000|100%|HS|  |TAMS 0x0000000602a00000, 0x0000000602a00000| Complete 
|   8|0x0000000602c00000, 0x0000000602e00000, 0x0000000602e00000|100%|HS|  |TAMS 0x0000000602c00000, 0x0000000602c00000| Complete 
|   9|0x0000000602e00000, 0x0000000603000000, 0x0000000603000000|100%| O|  |TAMS 0x0000000602e00000, 0x0000000602e00000| Untracked 
|  10|0x0000000603000000, 0x0000000603200000, 0x0000000603200000|100%| O|  |TAMS 0x0000000603000000, 0x0000000603000000| Untracked 
|  11|0x0000000603200000, 0x0000000603400000, 0x0000000603400000|100%|HS|  |TAMS 0x0000000603200000, 0x0000000603200000| Complete 
|  12|0x0000000603400000, 0x0000000603600000, 0x0000000603600000|100%|HC|  |TAMS 0x0000000603400000, 0x0000000603400000| Complete 
|  13|0x0000000603600000, 0x0000000603800000, 0x0000000603800000|100%|HS|  |TAMS 0x0000000603600000, 0x0000000603600000| Complete 
|  14|0x0000000603800000, 0x0000000603a00000, 0x0000000603a00000|100%|HS|  |TAMS 0x0000000603800000, 0x0000000603800000| Complete 
|  15|0x0000000603a00000, 0x0000000603c00000, 0x0000000603c00000|100%|HC|  |TAMS 0x0000000603a00000, 0x0000000603a00000| Complete 
|  16|0x0000000603c00000, 0x0000000603e00000, 0x0000000603e00000|100%|HS|  |TAMS 0x0000000603c00000, 0x0000000603c00000| Complete 
|  17|0x0000000603e00000, 0x0000000604000000, 0x0000000604000000|100%|HS|  |TAMS 0x0000000603e00000, 0x0000000603e00000| Complete 
|  18|0x0000000604000000, 0x0000000604200000, 0x0000000604200000|100%|HC|  |TAMS 0x0000000604000000, 0x0000000604000000| Complete 
|  19|0x0000000604200000, 0x0000000604400000, 0x0000000604400000|100%|HS|  |TAMS 0x0000000604200000, 0x0000000604200000| Complete 
|  20|0x0000000604400000, 0x0000000604600000, 0x0000000604600000|100%|HC|  |TAMS 0x0000000604400000, 0x0000000604400000| Complete 
|  21|0x0000000604600000, 0x0000000604800000, 0x0000000604800000|100%|HS|  |TAMS 0x0000000604600000, 0x0000000604600000| Complete 
|  22|0x0000000604800000, 0x0000000604a00000, 0x0000000604a00000|100%|HC|  |TAMS 0x0000000604800000, 0x0000000604800000| Complete 
|  23|0x0000000604a00000, 0x0000000604c00000, 0x0000000604c00000|100%|HS|  |TAMS 0x0000000604a00000, 0x0000000604a00000| Complete 
|  24|0x0000000604c00000, 0x0000000604e00000, 0x0000000604e00000|100%|HC|  |TAMS 0x0000000604c00000, 0x0000000604c00000| Complete 
|  25|0x0000000604e00000, 0x0000000605000000, 0x0000000605000000|100%|HS|  |TAMS 0x0000000604e00000, 0x0000000604e00000| Complete 
|  26|0x0000000605000000, 0x0000000605200000, 0x0000000605200000|100%|HC|  |TAMS 0x0000000605000000, 0x0000000605000000| Complete 
|  27|0x0000000605200000, 0x0000000605400000, 0x0000000605400000|100%|HC|  |TAMS 0x0000000605200000, 0x0000000605200000| Complete 
|  28|0x0000000605400000, 0x0000000605600000, 0x0000000605600000|100%|HS|  |TAMS 0x0000000605400000, 0x0000000605400000| Complete 
|  29|0x0000000605600000, 0x0000000605800000, 0x0000000605800000|100%|HC|  |TAMS 0x0000000605600000, 0x0000000605600000| Complete 
|  30|0x0000000605800000, 0x0000000605a00000, 0x0000000605a00000|100%|HC|  |TAMS 0x0000000605800000, 0x0000000605800000| Complete 
|  31|0x0000000605a00000, 0x0000000605c00000, 0x0000000605c00000|100%|HS|  |TAMS 0x0000000605a00000, 0x0000000605a00000| Complete 
|  32|0x0000000605c00000, 0x0000000605e00000, 0x0000000605e00000|100%|HC|  |TAMS 0x0000000605c00000, 0x0000000605c00000| Complete 
|  33|0x0000000605e00000, 0x0000000606000000, 0x0000000606000000|100%|HC|  |TAMS 0x0000000605e00000, 0x0000000605e00000| Complete 
|  34|0x0000000606000000, 0x0000000606200000, 0x0000000606200000|100%| O|  |TAMS 0x0000000606000000, 0x0000000606000000| Untracked 
|  35|0x0000000606200000, 0x0000000606400000, 0x0000000606400000|100%| O|  |TAMS 0x0000000606200000, 0x0000000606200000| Untracked 
|  36|0x0000000606400000, 0x0000000606600000, 0x0000000606600000|100%|HS|  |TAMS 0x0000000606400000, 0x0000000606400000| Complete 
|  37|0x0000000606600000, 0x0000000606800000, 0x0000000606800000|100%|HC|  |TAMS 0x0000000606600000, 0x0000000606600000| Complete 
|  38|0x0000000606800000, 0x0000000606a00000, 0x0000000606a00000|100%|HC|  |TAMS 0x0000000606800000, 0x0000000606800000| Complete 
|  39|0x0000000606a00000, 0x0000000606c00000, 0x0000000606c00000|100%|HS|  |TAMS 0x0000000606a00000, 0x0000000606a00000| Complete 
|  40|0x0000000606c00000, 0x0000000606e00000, 0x0000000606e00000|100%|HC|  |TAMS 0x0000000606c00000, 0x0000000606c00000| Complete 
|  41|0x0000000606e00000, 0x0000000607000000, 0x0000000607000000|100%|HC|  |TAMS 0x0000000606e00000, 0x0000000606e00000| Complete 
|  42|0x0000000607000000, 0x0000000607200000, 0x0000000607200000|100%|HS|  |TAMS 0x0000000607000000, 0x0000000607000000| Complete 
|  43|0x0000000607200000, 0x0000000607400000, 0x0000000607400000|100%|HC|  |TAMS 0x0000000607200000, 0x0000000607200000| Complete 
|  44|0x0000000607400000, 0x0000000607600000, 0x0000000607600000|100%|HC|  |TAMS 0x0000000607400000, 0x0000000607400000| Complete 
|  45|0x0000000607600000, 0x0000000607800000, 0x0000000607800000|100%|HS|  |TAMS 0x0000000607600000, 0x0000000607600000| Complete 
|  46|0x0000000607800000, 0x0000000607a00000, 0x0000000607a00000|100%|HC|  |TAMS 0x0000000607800000, 0x0000000607800000| Complete 
|  47|0x0000000607a00000, 0x0000000607c00000, 0x0000000607c00000|100%|HC|  |TAMS 0x0000000607a00000, 0x0000000607a00000| Complete 
|  48|0x0000000607c00000, 0x0000000607e00000, 0x0000000607e00000|100%| O|  |TAMS 0x0000000607c00000, 0x0000000607c00000| Untracked 
|  49|0x0000000607e00000, 0x0000000608000000, 0x0000000608000000|100%| O|  |TAMS 0x0000000607e00000, 0x0000000607e00000| Untracked 
|  50|0x0000000608000000, 0x000000060813ba00, 0x0000000608200000| 61%| O|  |TAMS 0x0000000608000000, 0x0000000608000000| Untracked 
|  51|0x0000000608200000, 0x0000000608400000, 0x0000000608400000|100%|HS|  |TAMS 0x0000000608200000, 0x0000000608200000| Complete 
|  52|0x0000000608400000, 0x0000000608600000, 0x0000000608600000|100%|HC|  |TAMS 0x0000000608400000, 0x0000000608400000| Complete 
|  53|0x0000000608600000, 0x0000000608800000, 0x0000000608800000|100%|HC|  |TAMS 0x0000000608600000, 0x0000000608600000| Complete 
|  54|0x0000000608800000, 0x0000000608800000, 0x0000000608a00000|  0%| F|  |TAMS 0x0000000608800000, 0x0000000608800000| Untracked 
|  55|0x0000000608a00000, 0x0000000608a00000, 0x0000000608c00000|  0%| F|  |TAMS 0x0000000608a00000, 0x0000000608a00000| Untracked 
|  56|0x0000000608c00000, 0x0000000608c00000, 0x0000000608e00000|  0%| F|  |TAMS 0x0000000608c00000, 0x0000000608c00000| Untracked 
|  57|0x0000000608e00000, 0x0000000608e00000, 0x0000000609000000|  0%| F|  |TAMS 0x0000000608e00000, 0x0000000608e00000| Untracked 
|  58|0x0000000609000000, 0x0000000609000000, 0x0000000609200000|  0%| F|  |TAMS 0x0000000609000000, 0x0000000609000000| Untracked 
|  59|0x0000000609200000, 0x0000000609200000, 0x0000000609400000|  0%| F|  |TAMS 0x0000000609200000, 0x0000000609200000| Untracked 
|  60|0x0000000609400000, 0x0000000609400000, 0x0000000609600000|  0%| F|  |TAMS 0x0000000609400000, 0x0000000609400000| Untracked 
|  61|0x0000000609600000, 0x0000000609600000, 0x0000000609800000|  0%| F|  |TAMS 0x0000000609600000, 0x0000000609600000| Untracked 
|  62|0x0000000609800000, 0x0000000609800000, 0x0000000609a00000|  0%| F|  |TAMS 0x0000000609800000, 0x0000000609800000| Untracked 
|  63|0x0000000609a00000, 0x0000000609a00000, 0x0000000609c00000|  0%| F|  |TAMS 0x0000000609a00000, 0x0000000609a00000| Untracked 
|  64|0x0000000609c00000, 0x0000000609c00000, 0x0000000609e00000|  0%| F|  |TAMS 0x0000000609c00000, 0x0000000609c00000| Untracked 
|  65|0x0000000609e00000, 0x0000000609e00000, 0x000000060a000000|  0%| F|  |TAMS 0x0000000609e00000, 0x0000000609e00000| Untracked 
|  66|0x000000060a000000, 0x000000060a000000, 0x000000060a200000|  0%| F|  |TAMS 0x000000060a000000, 0x000000060a000000| Untracked 
|  67|0x000000060a200000, 0x000000060a200000, 0x000000060a400000|  0%| F|  |TAMS 0x000000060a200000, 0x000000060a200000| Untracked 
|  68|0x000000060a400000, 0x000000060a400000, 0x000000060a600000|  0%| F|  |TAMS 0x000000060a400000, 0x000000060a400000| Untracked 
|  69|0x000000060a600000, 0x000000060a600000, 0x000000060a800000|  0%| F|  |TAMS 0x000000060a600000, 0x000000060a600000| Untracked 
|  70|0x000000060a800000, 0x000000060a800000, 0x000000060aa00000|  0%| F|  |TAMS 0x000000060a800000, 0x000000060a800000| Untracked 
|  71|0x000000060aa00000, 0x000000060aa00000, 0x000000060ac00000|  0%| F|  |TAMS 0x000000060aa00000, 0x000000060aa00000| Untracked 
|  72|0x000000060ac00000, 0x000000060ac00000, 0x000000060ae00000|  0%| F|  |TAMS 0x000000060ac00000, 0x000000060ac00000| Untracked 
|  73|0x000000060ae00000, 0x000000060ae00000, 0x000000060b000000|  0%| F|  |TAMS 0x000000060ae00000, 0x000000060ae00000| Untracked 
|  74|0x000000060b000000, 0x000000060b000000, 0x000000060b200000|  0%| F|  |TAMS 0x000000060b000000, 0x000000060b000000| Untracked 
|  75|0x000000060b200000, 0x000000060b200000, 0x000000060b400000|  0%| F|  |TAMS 0x000000060b200000, 0x000000060b200000| Untracked 
|  76|0x000000060b400000, 0x000000060b400000, 0x000000060b600000|  0%| F|  |TAMS 0x000000060b400000, 0x000000060b400000| Untracked 
|  77|0x000000060b600000, 0x000000060b600000, 0x000000060b800000|  0%| F|  |TAMS 0x000000060b600000, 0x000000060b600000| Untracked 
|  78|0x000000060b800000, 0x000000060b800000, 0x000000060ba00000|  0%| F|  |TAMS 0x000000060b800000, 0x000000060b800000| Untracked 
|  79|0x000000060ba00000, 0x000000060ba00000, 0x000000060bc00000|  0%| F|  |TAMS 0x000000060ba00000, 0x000000060ba00000| Untracked 
|  80|0x000000060bc00000, 0x000000060bc00000, 0x000000060be00000|  0%| F|  |TAMS 0x000000060bc00000, 0x000000060bc00000| Untracked 
|  81|0x000000060be00000, 0x000000060be00000, 0x000000060c000000|  0%| F|  |TAMS 0x000000060be00000, 0x000000060be00000| Untracked 
|  82|0x000000060c000000, 0x000000060c000000, 0x000000060c200000|  0%| F|  |TAMS 0x000000060c000000, 0x000000060c000000| Untracked 
|  83|0x000000060c200000, 0x000000060c200000, 0x000000060c400000|  0%| F|  |TAMS 0x000000060c200000, 0x000000060c200000| Untracked 
|  84|0x000000060c400000, 0x000000060c400000, 0x000000060c600000|  0%| F|  |TAMS 0x000000060c400000, 0x000000060c400000| Untracked 
|  85|0x000000060c600000, 0x000000060c600000, 0x000000060c800000|  0%| F|  |TAMS 0x000000060c600000, 0x000000060c600000| Untracked 
|  86|0x000000060c800000, 0x000000060c800000, 0x000000060ca00000|  0%| F|  |TAMS 0x000000060c800000, 0x000000060c800000| Untracked 
|  87|0x000000060ca00000, 0x000000060ca00000, 0x000000060cc00000|  0%| F|  |TAMS 0x000000060ca00000, 0x000000060ca00000| Untracked 
|  88|0x000000060cc00000, 0x000000060cc00000, 0x000000060ce00000|  0%| F|  |TAMS 0x000000060cc00000, 0x000000060cc00000| Untracked 
|  89|0x000000060ce00000, 0x000000060ce00000, 0x000000060d000000|  0%| F|  |TAMS 0x000000060ce00000, 0x000000060ce00000| Untracked 
|  90|0x000000060d000000, 0x000000060d000000, 0x000000060d200000|  0%| F|  |TAMS 0x000000060d000000, 0x000000060d000000| Untracked 
|  91|0x000000060d200000, 0x000000060d200000, 0x000000060d400000|  0%| F|  |TAMS 0x000000060d200000, 0x000000060d200000| Untracked 
|  92|0x000000060d400000, 0x000000060d400000, 0x000000060d600000|  0%| F|  |TAMS 0x000000060d400000, 0x000000060d400000| Untracked 
|  93|0x000000060d600000, 0x000000060d600000, 0x000000060d800000|  0%| F|  |TAMS 0x000000060d600000, 0x000000060d600000| Untracked 
|  94|0x000000060d800000, 0x000000060d800000, 0x000000060da00000|  0%| F|  |TAMS 0x000000060d800000, 0x000000060d800000| Untracked 
|  95|0x000000060da00000, 0x000000060da00000, 0x000000060dc00000|  0%| F|  |TAMS 0x000000060da00000, 0x000000060da00000| Untracked 
|  96|0x000000060dc00000, 0x000000060dc00000, 0x000000060de00000|  0%| F|  |TAMS 0x000000060dc00000, 0x000000060dc00000| Untracked 
|  97|0x000000060de00000, 0x000000060de00000, 0x000000060e000000|  0%| F|  |TAMS 0x000000060de00000, 0x000000060de00000| Untracked 
|  98|0x000000060e000000, 0x000000060e000000, 0x000000060e200000|  0%| F|  |TAMS 0x000000060e000000, 0x000000060e000000| Untracked 
|  99|0x000000060e200000, 0x000000060e200000, 0x000000060e400000|  0%| F|  |TAMS 0x000000060e200000, 0x000000060e200000| Untracked 
| 100|0x000000060e400000, 0x000000060e400000, 0x000000060e600000|  0%| F|  |TAMS 0x000000060e400000, 0x000000060e400000| Untracked 
| 101|0x000000060e600000, 0x000000060e600000, 0x000000060e800000|  0%| F|  |TAMS 0x000000060e600000, 0x000000060e600000| Untracked 
| 102|0x000000060e800000, 0x000000060e800000, 0x000000060ea00000|  0%| F|  |TAMS 0x000000060e800000, 0x000000060e800000| Untracked 
| 103|0x000000060ea00000, 0x000000060ea00000, 0x000000060ec00000|  0%| F|  |TAMS 0x000000060ea00000, 0x000000060ea00000| Untracked 
| 104|0x000000060ec00000, 0x000000060ec00000, 0x000000060ee00000|  0%| F|  |TAMS 0x000000060ec00000, 0x000000060ec00000| Untracked 
| 105|0x000000060ee00000, 0x000000060ee00000, 0x000000060f000000|  0%| F|  |TAMS 0x000000060ee00000, 0x000000060ee00000| Untracked 
| 106|0x000000060f000000, 0x000000060f000000, 0x000000060f200000|  0%| F|  |TAMS 0x000000060f000000, 0x000000060f000000| Untracked 
| 107|0x000000060f200000, 0x000000060f200000, 0x000000060f400000|  0%| F|  |TAMS 0x000000060f200000, 0x000000060f200000| Untracked 
| 108|0x000000060f400000, 0x000000060f400000, 0x000000060f600000|  0%| F|  |TAMS 0x000000060f400000, 0x000000060f400000| Untracked 
| 109|0x000000060f600000, 0x000000060f600000, 0x000000060f800000|  0%| F|  |TAMS 0x000000060f600000, 0x000000060f600000| Untracked 
| 110|0x000000060f800000, 0x000000060f800000, 0x000000060fa00000|  0%| F|  |TAMS 0x000000060f800000, 0x000000060f800000| Untracked 
| 111|0x000000060fa00000, 0x000000060fa00000, 0x000000060fc00000|  0%| F|  |TAMS 0x000000060fa00000, 0x000000060fa00000| Untracked 
| 112|0x000000060fc00000, 0x000000060fc00000, 0x000000060fe00000|  0%| F|  |TAMS 0x000000060fc00000, 0x000000060fc00000| Untracked 
| 113|0x000000060fe00000, 0x000000060fe00000, 0x0000000610000000|  0%| F|  |TAMS 0x000000060fe00000, 0x000000060fe00000| Untracked 
| 114|0x0000000610000000, 0x0000000610000000, 0x0000000610200000|  0%| F|  |TAMS 0x0000000610000000, 0x0000000610000000| Untracked 
| 115|0x0000000610200000, 0x0000000610200000, 0x0000000610400000|  0%| F|  |TAMS 0x0000000610200000, 0x0000000610200000| Untracked 
| 116|0x0000000610400000, 0x0000000610400000, 0x0000000610600000|  0%| F|  |TAMS 0x0000000610400000, 0x0000000610400000| Untracked 
| 117|0x0000000610600000, 0x0000000610600000, 0x0000000610800000|  0%| F|  |TAMS 0x0000000610600000, 0x0000000610600000| Untracked 
| 118|0x0000000610800000, 0x0000000610800000, 0x0000000610a00000|  0%| F|  |TAMS 0x0000000610800000, 0x0000000610800000| Untracked 
| 119|0x0000000610a00000, 0x0000000610a00000, 0x0000000610c00000|  0%| F|  |TAMS 0x0000000610a00000, 0x0000000610a00000| Untracked 
| 120|0x0000000610c00000, 0x0000000610c00000, 0x0000000610e00000|  0%| F|  |TAMS 0x0000000610c00000, 0x0000000610c00000| Untracked 
| 121|0x0000000610e00000, 0x0000000610e00000, 0x0000000611000000|  0%| F|  |TAMS 0x0000000610e00000, 0x0000000610e00000| Untracked 
| 122|0x0000000611000000, 0x0000000611000000, 0x0000000611200000|  0%| F|  |TAMS 0x0000000611000000, 0x0000000611000000| Untracked 
| 123|0x0000000611200000, 0x0000000611200000, 0x0000000611400000|  0%| F|  |TAMS 0x0000000611200000, 0x0000000611200000| Untracked 
| 124|0x0000000611400000, 0x0000000611400000, 0x0000000611600000|  0%| F|  |TAMS 0x0000000611400000, 0x0000000611400000| Untracked 
| 125|0x0000000611600000, 0x0000000611600000, 0x0000000611800000|  0%| F|  |TAMS 0x0000000611600000, 0x0000000611600000| Untracked 
| 126|0x0000000611800000, 0x0000000611800000, 0x0000000611a00000|  0%| F|  |TAMS 0x0000000611800000, 0x0000000611800000| Untracked 
| 127|0x0000000611a00000, 0x0000000611a00000, 0x0000000611c00000|  0%| F|  |TAMS 0x0000000611a00000, 0x0000000611a00000| Untracked 
| 128|0x0000000611c00000, 0x0000000611c00000, 0x0000000611e00000|  0%| F|  |TAMS 0x0000000611c00000, 0x0000000611c00000| Untracked 
| 129|0x0000000611e00000, 0x0000000611e00000, 0x0000000612000000|  0%| F|  |TAMS 0x0000000611e00000, 0x0000000611e00000| Untracked 
| 130|0x0000000612000000, 0x0000000612000000, 0x0000000612200000|  0%| F|  |TAMS 0x0000000612000000, 0x0000000612000000| Untracked 
| 131|0x0000000612200000, 0x0000000612200000, 0x0000000612400000|  0%| F|  |TAMS 0x0000000612200000, 0x0000000612200000| Untracked 
| 132|0x0000000612400000, 0x0000000612400000, 0x0000000612600000|  0%| F|  |TAMS 0x0000000612400000, 0x0000000612400000| Untracked 
| 133|0x0000000612600000, 0x0000000612600000, 0x0000000612800000|  0%| F|  |TAMS 0x0000000612600000, 0x0000000612600000| Untracked 
| 134|0x0000000612800000, 0x0000000612800000, 0x0000000612a00000|  0%| F|  |TAMS 0x0000000612800000, 0x0000000612800000| Untracked 
| 135|0x0000000612a00000, 0x0000000612a00000, 0x0000000612c00000|  0%| F|  |TAMS 0x0000000612a00000, 0x0000000612a00000| Untracked 
| 136|0x0000000612c00000, 0x0000000612c00000, 0x0000000612e00000|  0%| F|  |TAMS 0x0000000612c00000, 0x0000000612c00000| Untracked 
| 137|0x0000000612e00000, 0x0000000612e00000, 0x0000000613000000|  0%| F|  |TAMS 0x0000000612e00000, 0x0000000612e00000| Untracked 
| 138|0x0000000613000000, 0x0000000613000000, 0x0000000613200000|  0%| F|  |TAMS 0x0000000613000000, 0x0000000613000000| Untracked 
| 139|0x0000000613200000, 0x0000000613200000, 0x0000000613400000|  0%| F|  |TAMS 0x0000000613200000, 0x0000000613200000| Untracked 
| 140|0x0000000613400000, 0x0000000613400000, 0x0000000613600000|  0%| F|  |TAMS 0x0000000613400000, 0x0000000613400000| Untracked 
| 141|0x0000000613600000, 0x0000000613600000, 0x0000000613800000|  0%| F|  |TAMS 0x0000000613600000, 0x0000000613600000| Untracked 
| 142|0x0000000613800000, 0x0000000613800000, 0x0000000613a00000|  0%| F|  |TAMS 0x0000000613800000, 0x0000000613800000| Untracked 
| 143|0x0000000613a00000, 0x0000000613a00000, 0x0000000613c00000|  0%| F|  |TAMS 0x0000000613a00000, 0x0000000613a00000| Untracked 
| 144|0x0000000613c00000, 0x0000000613c00000, 0x0000000613e00000|  0%| F|  |TAMS 0x0000000613c00000, 0x0000000613c00000| Untracked 
| 145|0x0000000613e00000, 0x0000000613e00000, 0x0000000614000000|  0%| F|  |TAMS 0x0000000613e00000, 0x0000000613e00000| Untracked 
| 146|0x0000000614000000, 0x0000000614000000, 0x0000000614200000|  0%| F|  |TAMS 0x0000000614000000, 0x0000000614000000| Untracked 
| 147|0x0000000614200000, 0x0000000614200000, 0x0000000614400000|  0%| F|  |TAMS 0x0000000614200000, 0x0000000614200000| Untracked 
| 148|0x0000000614400000, 0x0000000614400000, 0x0000000614600000|  0%| F|  |TAMS 0x0000000614400000, 0x0000000614400000| Untracked 
| 149|0x0000000614600000, 0x0000000614600000, 0x0000000614800000|  0%| F|  |TAMS 0x0000000614600000, 0x0000000614600000| Untracked 
| 150|0x0000000614800000, 0x0000000614800000, 0x0000000614a00000|  0%| F|  |TAMS 0x0000000614800000, 0x0000000614800000| Untracked 
| 151|0x0000000614a00000, 0x0000000614a00000, 0x0000000614c00000|  0%| F|  |TAMS 0x0000000614a00000, 0x0000000614a00000| Untracked 
| 152|0x0000000614c00000, 0x0000000614c00000, 0x0000000614e00000|  0%| F|  |TAMS 0x0000000614c00000, 0x0000000614c00000| Untracked 
| 153|0x0000000614e00000, 0x0000000614e00000, 0x0000000615000000|  0%| F|  |TAMS 0x0000000614e00000, 0x0000000614e00000| Untracked 
| 154|0x0000000615000000, 0x0000000615000000, 0x0000000615200000|  0%| F|  |TAMS 0x0000000615000000, 0x0000000615000000| Untracked 
| 155|0x0000000615200000, 0x0000000615200000, 0x0000000615400000|  0%| F|  |TAMS 0x0000000615200000, 0x0000000615200000| Untracked 
| 156|0x0000000615400000, 0x0000000615400000, 0x0000000615600000|  0%| F|  |TAMS 0x0000000615400000, 0x0000000615400000| Untracked 
| 157|0x0000000615600000, 0x0000000615600000, 0x0000000615800000|  0%| F|  |TAMS 0x0000000615600000, 0x0000000615600000| Untracked 
| 158|0x0000000615800000, 0x0000000615800000, 0x0000000615a00000|  0%| F|  |TAMS 0x0000000615800000, 0x0000000615800000| Untracked 
| 159|0x0000000615a00000, 0x0000000615a00000, 0x0000000615c00000|  0%| F|  |TAMS 0x0000000615a00000, 0x0000000615a00000| Untracked 
| 160|0x0000000615c00000, 0x0000000615c00000, 0x0000000615e00000|  0%| F|  |TAMS 0x0000000615c00000, 0x0000000615c00000| Untracked 
| 161|0x0000000615e00000, 0x0000000615e00000, 0x0000000616000000|  0%| F|  |TAMS 0x0000000615e00000, 0x0000000615e00000| Untracked 
| 162|0x0000000616000000, 0x0000000616000000, 0x0000000616200000|  0%| F|  |TAMS 0x0000000616000000, 0x0000000616000000| Untracked 
| 163|0x0000000616200000, 0x0000000616200000, 0x0000000616400000|  0%| F|  |TAMS 0x0000000616200000, 0x0000000616200000| Untracked 
| 164|0x0000000616400000, 0x0000000616400000, 0x0000000616600000|  0%| F|  |TAMS 0x0000000616400000, 0x0000000616400000| Untracked 
| 165|0x0000000616600000, 0x0000000616600000, 0x0000000616800000|  0%| F|  |TAMS 0x0000000616600000, 0x0000000616600000| Untracked 
| 166|0x0000000616800000, 0x0000000616800000, 0x0000000616a00000|  0%| F|  |TAMS 0x0000000616800000, 0x0000000616800000| Untracked 
| 167|0x0000000616a00000, 0x0000000616a00000, 0x0000000616c00000|  0%| F|  |TAMS 0x0000000616a00000, 0x0000000616a00000| Untracked 
| 168|0x0000000616c00000, 0x0000000616c00000, 0x0000000616e00000|  0%| F|  |TAMS 0x0000000616c00000, 0x0000000616c00000| Untracked 
| 169|0x0000000616e00000, 0x0000000616e00000, 0x0000000617000000|  0%| F|  |TAMS 0x0000000616e00000, 0x0000000616e00000| Untracked 
| 170|0x0000000617000000, 0x0000000617000000, 0x0000000617200000|  0%| F|  |TAMS 0x0000000617000000, 0x0000000617000000| Untracked 
| 171|0x0000000617200000, 0x0000000617200000, 0x0000000617400000|  0%| F|  |TAMS 0x0000000617200000, 0x0000000617200000| Untracked 
| 172|0x0000000617400000, 0x0000000617400000, 0x0000000617600000|  0%| F|  |TAMS 0x0000000617400000, 0x0000000617400000| Untracked 
| 173|0x0000000617600000, 0x0000000617600000, 0x0000000617800000|  0%| F|  |TAMS 0x0000000617600000, 0x0000000617600000| Untracked 
| 174|0x0000000617800000, 0x0000000617800000, 0x0000000617a00000|  0%| F|  |TAMS 0x0000000617800000, 0x0000000617800000| Untracked 
| 175|0x0000000617a00000, 0x0000000617a00000, 0x0000000617c00000|  0%| F|  |TAMS 0x0000000617a00000, 0x0000000617a00000| Untracked 
| 176|0x0000000617c00000, 0x0000000617c00000, 0x0000000617e00000|  0%| F|  |TAMS 0x0000000617c00000, 0x0000000617c00000| Untracked 
| 177|0x0000000617e00000, 0x0000000617e00000, 0x0000000618000000|  0%| F|  |TAMS 0x0000000617e00000, 0x0000000617e00000| Untracked 
| 178|0x0000000618000000, 0x0000000618000000, 0x0000000618200000|  0%| F|  |TAMS 0x0000000618000000, 0x0000000618000000| Untracked 
| 179|0x0000000618200000, 0x0000000618200000, 0x0000000618400000|  0%| F|  |TAMS 0x0000000618200000, 0x0000000618200000| Untracked 
| 180|0x0000000618400000, 0x0000000618400000, 0x0000000618600000|  0%| F|  |TAMS 0x0000000618400000, 0x0000000618400000| Untracked 
| 181|0x0000000618600000, 0x0000000618600000, 0x0000000618800000|  0%| F|  |TAMS 0x0000000618600000, 0x0000000618600000| Untracked 
| 182|0x0000000618800000, 0x0000000618800000, 0x0000000618a00000|  0%| F|  |TAMS 0x0000000618800000, 0x0000000618800000| Untracked 
| 183|0x0000000618a00000, 0x0000000618a00000, 0x0000000618c00000|  0%| F|  |TAMS 0x0000000618a00000, 0x0000000618a00000| Untracked 
| 184|0x0000000618c00000, 0x0000000618c00000, 0x0000000618e00000|  0%| F|  |TAMS 0x0000000618c00000, 0x0000000618c00000| Untracked 
| 185|0x0000000618e00000, 0x0000000618e82d80, 0x0000000619000000| 25%| S|CS|TAMS 0x0000000618e00000, 0x0000000618e00000| Complete 
| 186|0x0000000619000000, 0x0000000619000000, 0x0000000619200000|  0%| F|  |TAMS 0x0000000619000000, 0x0000000619000000| Untracked 
| 187|0x0000000619200000, 0x0000000619200000, 0x0000000619400000|  0%| F|  |TAMS 0x0000000619200000, 0x0000000619200000| Untracked 
| 188|0x0000000619400000, 0x0000000619400000, 0x0000000619600000|  0%| F|  |TAMS 0x0000000619400000, 0x0000000619400000| Untracked 
| 189|0x0000000619600000, 0x0000000619600000, 0x0000000619800000|  0%| F|  |TAMS 0x0000000619600000, 0x0000000619600000| Untracked 
| 190|0x0000000619800000, 0x0000000619800000, 0x0000000619a00000|  0%| F|  |TAMS 0x0000000619800000, 0x0000000619800000| Untracked 
| 191|0x0000000619a00000, 0x0000000619a00000, 0x0000000619c00000|  0%| F|  |TAMS 0x0000000619a00000, 0x0000000619a00000| Untracked 
| 192|0x0000000619c00000, 0x0000000619c00000, 0x0000000619e00000|  0%| F|  |TAMS 0x0000000619c00000, 0x0000000619c00000| Untracked 
| 193|0x0000000619e00000, 0x0000000619e00000, 0x000000061a000000|  0%| F|  |TAMS 0x0000000619e00000, 0x0000000619e00000| Untracked 
| 194|0x000000061a000000, 0x000000061a000000, 0x000000061a200000|  0%| F|  |TAMS 0x000000061a000000, 0x000000061a000000| Untracked 
| 195|0x000000061a200000, 0x000000061a200000, 0x000000061a400000|  0%| F|  |TAMS 0x000000061a200000, 0x000000061a200000| Untracked 
| 196|0x000000061a400000, 0x000000061a400000, 0x000000061a600000|  0%| F|  |TAMS 0x000000061a400000, 0x000000061a400000| Untracked 
| 197|0x000000061a600000, 0x000000061a600000, 0x000000061a800000|  0%| F|  |TAMS 0x000000061a600000, 0x000000061a600000| Untracked 
| 198|0x000000061a800000, 0x000000061a800000, 0x000000061aa00000|  0%| F|  |TAMS 0x000000061a800000, 0x000000061a800000| Untracked 
| 199|0x000000061aa00000, 0x000000061aa00000, 0x000000061ac00000|  0%| F|  |TAMS 0x000000061aa00000, 0x000000061aa00000| Untracked 
| 200|0x000000061ac00000, 0x000000061ac00000, 0x000000061ae00000|  0%| F|  |TAMS 0x000000061ac00000, 0x000000061ac00000| Untracked 
| 201|0x000000061ae00000, 0x000000061ae00000, 0x000000061b000000|  0%| F|  |TAMS 0x000000061ae00000, 0x000000061ae00000| Untracked 
| 202|0x000000061b000000, 0x000000061b000000, 0x000000061b200000|  0%| F|  |TAMS 0x000000061b000000, 0x000000061b000000| Untracked 
| 203|0x000000061b200000, 0x000000061b200000, 0x000000061b400000|  0%| F|  |TAMS 0x000000061b200000, 0x000000061b200000| Untracked 
| 204|0x000000061b400000, 0x000000061b400000, 0x000000061b600000|  0%| F|  |TAMS 0x000000061b400000, 0x000000061b400000| Untracked 
| 205|0x000000061b600000, 0x000000061b600000, 0x000000061b800000|  0%| F|  |TAMS 0x000000061b600000, 0x000000061b600000| Untracked 
| 206|0x000000061b800000, 0x000000061ba00000, 0x000000061ba00000|100%| E|  |TAMS 0x000000061b800000, 0x000000061b800000| Complete 
| 207|0x000000061ba00000, 0x000000061bc00000, 0x000000061bc00000|100%| E|CS|TAMS 0x000000061ba00000, 0x000000061ba00000| Complete 
| 208|0x000000061bc00000, 0x000000061be00000, 0x000000061be00000|100%| E|CS|TAMS 0x000000061bc00000, 0x000000061bc00000| Complete 
| 209|0x000000061be00000, 0x000000061c000000, 0x000000061c000000|100%| E|CS|TAMS 0x000000061be00000, 0x000000061be00000| Complete 
| 210|0x000000061c000000, 0x000000061c200000, 0x000000061c200000|100%| E|CS|TAMS 0x000000061c000000, 0x000000061c000000| Complete 
| 211|0x000000061c200000, 0x000000061c400000, 0x000000061c400000|100%| E|CS|TAMS 0x000000061c200000, 0x000000061c200000| Complete 
| 212|0x000000061c400000, 0x000000061c600000, 0x000000061c600000|100%| E|CS|TAMS 0x000000061c400000, 0x000000061c400000| Complete 
| 213|0x000000061c600000, 0x000000061c800000, 0x000000061c800000|100%| E|CS|TAMS 0x000000061c600000, 0x000000061c600000| Complete 
| 214|0x000000061c800000, 0x000000061ca00000, 0x000000061ca00000|100%| E|CS|TAMS 0x000000061c800000, 0x000000061c800000| Complete 
| 215|0x000000061ca00000, 0x000000061cc00000, 0x000000061cc00000|100%| E|CS|TAMS 0x000000061ca00000, 0x000000061ca00000| Complete 
| 216|0x000000061cc00000, 0x000000061ce00000, 0x000000061ce00000|100%| E|CS|TAMS 0x000000061cc00000, 0x000000061cc00000| Complete 
| 217|0x000000061ce00000, 0x000000061d000000, 0x000000061d000000|100%| E|CS|TAMS 0x000000061ce00000, 0x000000061ce00000| Complete 
| 218|0x000000061d000000, 0x000000061d200000, 0x000000061d200000|100%| E|CS|TAMS 0x000000061d000000, 0x000000061d000000| Complete 
| 219|0x000000061d200000, 0x000000061d400000, 0x000000061d400000|100%| E|CS|TAMS 0x000000061d200000, 0x000000061d200000| Complete 
| 220|0x000000061d400000, 0x000000061d600000, 0x000000061d600000|100%| E|CS|TAMS 0x000000061d400000, 0x000000061d400000| Complete 
| 221|0x000000061d600000, 0x000000061d800000, 0x000000061d800000|100%| E|CS|TAMS 0x000000061d600000, 0x000000061d600000| Complete 
| 222|0x000000061d800000, 0x000000061da00000, 0x000000061da00000|100%| E|CS|TAMS 0x000000061d800000, 0x000000061d800000| Complete 
| 223|0x000000061da00000, 0x000000061dc00000, 0x000000061dc00000|100%| E|CS|TAMS 0x000000061da00000, 0x000000061da00000| Complete 
| 224|0x000000061dc00000, 0x000000061de00000, 0x000000061de00000|100%| E|CS|TAMS 0x000000061dc00000, 0x000000061dc00000| Complete 
| 225|0x000000061de00000, 0x000000061e000000, 0x000000061e000000|100%| E|CS|TAMS 0x000000061de00000, 0x000000061de00000| Complete 
| 226|0x000000061e000000, 0x000000061e200000, 0x000000061e200000|100%| E|CS|TAMS 0x000000061e000000, 0x000000061e000000| Complete 
| 227|0x000000061e200000, 0x000000061e400000, 0x000000061e400000|100%| E|CS|TAMS 0x000000061e200000, 0x000000061e200000| Complete 
| 228|0x000000061e400000, 0x000000061e600000, 0x000000061e600000|100%| E|CS|TAMS 0x000000061e400000, 0x000000061e400000| Complete 
| 229|0x000000061e600000, 0x000000061e800000, 0x000000061e800000|100%| E|CS|TAMS 0x000000061e600000, 0x000000061e600000| Complete 
| 230|0x000000061e800000, 0x000000061ea00000, 0x000000061ea00000|100%| E|CS|TAMS 0x000000061e800000, 0x000000061e800000| Complete 
| 231|0x000000061ea00000, 0x000000061ec00000, 0x000000061ec00000|100%| E|CS|TAMS 0x000000061ea00000, 0x000000061ea00000| Complete 
| 232|0x000000061ec00000, 0x000000061ee00000, 0x000000061ee00000|100%| E|CS|TAMS 0x000000061ec00000, 0x000000061ec00000| Complete 
| 233|0x000000061ee00000, 0x000000061f000000, 0x000000061f000000|100%| E|CS|TAMS 0x000000061ee00000, 0x000000061ee00000| Complete 
| 234|0x000000061f000000, 0x000000061f200000, 0x000000061f200000|100%| E|CS|TAMS 0x000000061f000000, 0x000000061f000000| Complete 
| 235|0x000000061f200000, 0x000000061f400000, 0x000000061f400000|100%| E|CS|TAMS 0x000000061f200000, 0x000000061f200000| Complete 
| 236|0x000000061f400000, 0x000000061f600000, 0x000000061f600000|100%| E|CS|TAMS 0x000000061f400000, 0x000000061f400000| Complete 
| 237|0x000000061f600000, 0x000000061f800000, 0x000000061f800000|100%| E|CS|TAMS 0x000000061f600000, 0x000000061f600000| Complete 
| 238|0x000000061f800000, 0x000000061fa00000, 0x000000061fa00000|100%| E|CS|TAMS 0x000000061f800000, 0x000000061f800000| Complete 
| 239|0x000000061fa00000, 0x000000061fc00000, 0x000000061fc00000|100%| E|CS|TAMS 0x000000061fa00000, 0x000000061fa00000| Complete 
| 240|0x000000061fc00000, 0x000000061fe00000, 0x000000061fe00000|100%| E|CS|TAMS 0x000000061fc00000, 0x000000061fc00000| Complete 
| 241|0x000000061fe00000, 0x0000000620000000, 0x0000000620000000|100%| E|CS|TAMS 0x000000061fe00000, 0x000000061fe00000| Complete 
| 242|0x0000000620000000, 0x0000000620200000, 0x0000000620200000|100%| E|CS|TAMS 0x0000000620000000, 0x0000000620000000| Complete 
| 243|0x0000000620200000, 0x0000000620400000, 0x0000000620400000|100%| E|CS|TAMS 0x0000000620200000, 0x0000000620200000| Complete 
| 244|0x0000000620400000, 0x0000000620600000, 0x0000000620600000|100%| E|CS|TAMS 0x0000000620400000, 0x0000000620400000| Complete 
| 245|0x0000000620600000, 0x0000000620800000, 0x0000000620800000|100%| E|CS|TAMS 0x0000000620600000, 0x0000000620600000| Complete 
| 246|0x0000000620800000, 0x0000000620a00000, 0x0000000620a00000|100%| E|CS|TAMS 0x0000000620800000, 0x0000000620800000| Complete 
| 247|0x0000000620a00000, 0x0000000620c00000, 0x0000000620c00000|100%| E|CS|TAMS 0x0000000620a00000, 0x0000000620a00000| Complete 
| 248|0x0000000620c00000, 0x0000000620e00000, 0x0000000620e00000|100%| E|CS|TAMS 0x0000000620c00000, 0x0000000620c00000| Complete 
| 249|0x0000000620e00000, 0x0000000621000000, 0x0000000621000000|100%| E|CS|TAMS 0x0000000620e00000, 0x0000000620e00000| Complete 
| 250|0x0000000621000000, 0x0000000621200000, 0x0000000621200000|100%| E|CS|TAMS 0x0000000621000000, 0x0000000621000000| Complete 
| 251|0x0000000621200000, 0x0000000621400000, 0x0000000621400000|100%| E|CS|TAMS 0x0000000621200000, 0x0000000621200000| Complete 
| 252|0x0000000621400000, 0x0000000621600000, 0x0000000621600000|100%| E|CS|TAMS 0x0000000621400000, 0x0000000621400000| Complete 
| 253|0x0000000621600000, 0x0000000621800000, 0x0000000621800000|100%| E|CS|TAMS 0x0000000621600000, 0x0000000621600000| Complete 
| 254|0x0000000621800000, 0x0000000621a00000, 0x0000000621a00000|100%| E|CS|TAMS 0x0000000621800000, 0x0000000621800000| Complete 
| 255|0x0000000621a00000, 0x0000000621c00000, 0x0000000621c00000|100%| E|CS|TAMS 0x0000000621a00000, 0x0000000621a00000| Complete 

Card table byte_map: [0x000001d8afca0000,0x000001d8b0ca0000] _byte_map_base: 0x000001d8acc92000

Marking Bits (Prev, Next): (CMBitMap*) 0x000001d8980e8090, (CMBitMap*) 0x000001d8980e8058
 Prev Bits: [0x000001d8b9c30000, 0x000001d8c1bc0000)
 Next Bits: [0x000001d8b1ca0000, 0x000001d8b9c30000)

Polling page: 0x000001d896200000

Metaspace:

Usage:
  Non-class:     26.54 MB capacity,    26.22 MB ( 99%) used,   247.75 KB ( <1%) free+waste,    76.63 KB ( <1%) overhead. 
      Class:      3.01 MB capacity,     2.74 MB ( 91%) used,   236.23 KB (  8%) free+waste,    37.56 KB (  1%) overhead. 
       Both:     29.55 MB capacity,    28.96 MB ( 98%) used,   483.98 KB (  2%) free+waste,   114.19 KB ( <1%) overhead. 

Virtual space:
  Non-class space:       28.00 MB reserved,      26.75 MB ( 96%) committed 
      Class space:        1.00 GB reserved,       3.13 MB ( <1%) committed 
             Both:        1.03 GB reserved,      29.88 MB (  3%) committed 

Chunk freelists:
   Non-Class:  3.25 KB
       Class:  0 bytes
        Both:  3.25 KB

CodeHeap 'non-profiled nmethods': size=120000Kb used=1916Kb max_used=1916Kb free=118083Kb
 bounds [0x000001d8a7210000, 0x000001d8a7480000, 0x000001d8ae740000]
CodeHeap 'profiled nmethods': size=120000Kb used=7082Kb max_used=7082Kb free=112917Kb
 bounds [0x000001d89fce0000, 0x000001d8a03d0000, 0x000001d8a7210000]
CodeHeap 'non-nmethods': size=5760Kb used=1544Kb max_used=1579Kb free=4215Kb
 bounds [0x000001d89f740000, 0x000001d89f9b0000, 0x000001d89fce0000]
 total_blobs=4361 nmethods=3284 adapters=988
 compilation: enabled
              stopped_count=0, restarted_count=0
 full_count=0

Compilation events (10 events):
Event: 29.013 Thread 0x000001d8c5317800 3281       3       java.awt.AWTKeyStroke::mapNewModifiers (63 bytes)
Event: 29.013 Thread 0x000001d8c5317800 nmethod 3281 0x000001d8a03c8b10 code [0x000001d8a03c8ca0, 0x000001d8a03c8ed8]
Event: 29.013 Thread 0x000001d8c5317800 3282       3       javax.swing.JComponent::getActionMap (35 bytes)
Event: 29.013 Thread 0x000001d8c5317800 nmethod 3282 0x000001d8a03c8f90 code [0x000001d8a03c9160, 0x000001d8a03c9608]
Event: 29.249 Thread 0x000001d8c5317800 3283       3       java.util.Collections$UnmodifiableCollection::contains (11 bytes)
Event: 29.250 Thread 0x000001d8c5317800 nmethod 3283 0x000001d8a03c9790 code [0x000001d8a03c9940, 0x000001d8a03c9b08]
Event: 29.250 Thread 0x000001d8c5317800 3284       1       javax.swing.SwingUtilities::isValidKeyEventForKeyBindings (2 bytes)
Event: 29.250 Thread 0x000001d8c5317800 nmethod 3284 0x000001d8a73eef10 code [0x000001d8a73ef0a0, 0x000001d8a73ef138]
Event: 29.250 Thread 0x000001d8c5317800 3285       3       javax.swing.JComponent::processKeyBinding (78 bytes)
Event: 29.250 Thread 0x000001d8c5317800 nmethod 3285 0x000001d8a03c9c10 code [0x000001d8a03c9e20, 0x000001d8a03ca658]

GC Heap History (10 events):
Event: 3.147 GC heap before
{Heap before GC invocations=2 (full 0):
 garbage-first heap   total 524288K, used 26432K [0x0000000601c00000, 0x0000000800000000)
  region size 2048K, 12 young (24576K), 2 survivors (4096K)
 Metaspace       used 25110K, capacity 25644K, committed 25856K, reserved 1073152K
  class space    used 2487K, capacity 2765K, committed 2816K, reserved 1048576K
}
Event: 3.160 GC heap after
{Heap after GC invocations=3 (full 0):
 garbage-first heap   total 524288K, used 7767K [0x0000000601c00000, 0x0000000800000000)
  region size 2048K, 1 young (2048K), 1 survivors (2048K)
 Metaspace       used 25110K, capacity 25644K, committed 25856K, reserved 1073152K
  class space    used 2487K, capacity 2765K, committed 2816K, reserved 1048576K
}
Event: 3.372 GC heap before
{Heap before GC invocations=3 (full 0):
 garbage-first heap   total 524288K, used 63063K [0x0000000601c00000, 0x0000000800000000)
  region size 2048K, 24 young (49152K), 1 survivors (2048K)
 Metaspace       used 26563K, capacity 27135K, committed 27520K, reserved 1073152K
  class space    used 2572K, capacity 2836K, committed 2944K, reserved 1048576K
}
Event: 3.375 GC heap after
{Heap after GC invocations=4 (full 0):
 garbage-first heap   total 524288K, used 19221K [0x0000000601c00000, 0x0000000800000000)
  region size 2048K, 3 young (6144K), 3 survivors (6144K)
 Metaspace       used 26563K, capacity 27135K, committed 27520K, reserved 1073152K
  class space    used 2572K, capacity 2836K, committed 2944K, reserved 1048576K
}
Event: 3.445 GC heap before
{Heap before GC invocations=4 (full 0):
 garbage-first heap   total 524288K, used 84757K [0x0000000601c00000, 0x0000000800000000)
  region size 2048K, 36 young (73728K), 3 survivors (6144K)
 Metaspace       used 27454K, capacity 28031K, committed 28288K, reserved 1075200K
  class space    used 2628K, capacity 2900K, committed 2944K, reserved 1048576K
}
Event: 3.450 GC heap after
{Heap after GC invocations=5 (full 0):
 garbage-first heap   total 524288K, used 24440K [0x0000000601c00000, 0x0000000800000000)
  region size 2048K, 5 young (10240K), 5 survivors (10240K)
 Metaspace       used 27454K, capacity 28031K, committed 28288K, reserved 1075200K
  class space    used 2628K, capacity 2900K, committed 2944K, reserved 1048576K
}
Event: 3.731 GC heap before
{Heap before GC invocations=5 (full 0):
 garbage-first heap   total 524288K, used 171896K [0x0000000601c00000, 0x0000000800000000)
  region size 2048K, 51 young (104448K), 5 survivors (10240K)
 Metaspace       used 28203K, capacity 28739K, committed 29184K, reserved 1075200K
  class space    used 2717K, capacity 2964K, committed 3072K, reserved 1048576K
}
Event: 3.738 GC heap after
{Heap after GC invocations=6 (full 0):
 garbage-first heap   total 524288K, used 79557K [0x0000000601c00000, 0x0000000800000000)
  region size 2048K, 6 young (12288K), 6 survivors (12288K)
 Metaspace       used 28203K, capacity 28739K, committed 29184K, reserved 1075200K
  class space    used 2717K, capacity 2964K, committed 3072K, reserved 1048576K
}
Event: 3.957 GC heap before
{Heap before GC invocations=6 (full 0):
 garbage-first heap   total 524288K, used 235205K [0x0000000601c00000, 0x0000000800000000)
  region size 2048K, 70 young (143360K), 6 survivors (12288K)
 Metaspace       used 28226K, capacity 28803K, committed 29184K, reserved 1075200K
  class space    used 2717K, capacity 2964K, committed 3072K, reserved 1048576K
}
Event: 3.961 GC heap after
{Heap after GC invocations=7 (full 0):
 garbage-first heap   total 524288K, used 104185K [0x0000000601c00000, 0x0000000800000000)
  region size 2048K, 1 young (2048K), 1 survivors (2048K)
 Metaspace       used 28226K, capacity 28803K, committed 29184K, reserved 1075200K
  class space    used 2717K, capacity 2964K, committed 3072K, reserved 1048576K
}

Deoptimization events (10 events):
Event: 23.612 Thread 0x000001d8c5d2e800 Uncommon trap: reason=unstable_if action=reinterpret pc=0x000001d8a73c9694 method=net.java.games.input.RawDevice.getNextKeyboardEvent(Lnet/java/games/input/RawKeyboardEvent;)Z @ 14 c2
Event: 23.612 Thread 0x000001d8c5d2e800 Uncommon trap: reason=class_check action=maybe_recompile pc=0x000001d8a7374748 method=net.java.games.input.AbstractController.poll()Z @ 65 c2
Event: 23.612 Thread 0x000001d8c5d2e800 Uncommon trap: reason=class_check action=maybe_recompile pc=0x000001d8a739f468 method=tage.input.InputManager.update(F)V @ 82 c2
Event: 23.689 Thread 0x000001d8c5d2e800 Uncommon trap: reason=unstable_if action=reinterpret pc=0x000001d8a739edd8 method=tage.input.InputManager.update(F)V @ 519 c2
Event: 23.689 Thread 0x000001d8c5d2e800 Uncommon trap: reason=unstable_if action=reinterpret pc=0x000001d8a73b28d4 method=org.joml.Matrix4f.determineProperties()Lorg/joml/Matrix4f; @ 134 c2
Event: 24.083 Thread 0x000001d8c5d2e800 Uncommon trap: reason=class_check action=maybe_recompile pc=0x000001d8a7374748 method=net.java.games.input.AbstractController.poll()Z @ 65 c2
Event: 25.514 Thread 0x000001d8c5d2e800 Uncommon trap: reason=unstable_if action=reinterpret pc=0x000001d8a73e07c0 method=java.lang.Double.compare(DD)I @ 11 c2
Event: 25.514 Thread 0x000001d8c5d2e800 Uncommon trap: reason=unstable_if action=reinterpret pc=0x000001d8a73e2cf0 method=jdk.internal.math.FloatingDecimal.getBinaryToASCIIConverter(DZ)Ljdk/internal/math/FloatingDecimal$BinaryToASCIIConverter; @ 76 c2
Event: 25.515 Thread 0x000001d8c5d2e800 Uncommon trap: reason=unstable_if action=reinterpret pc=0x000001d8a73e4c34 method=jdk.internal.math.FormattedFloatingDecimal.fillDecimal(I[CIIZ)V @ 188 c2
Event: 25.516 Thread 0x000001d8c5d2e800 Uncommon trap: reason=unstable_if action=reinterpret pc=0x000001d8a73dd1c0 method=java.lang.Double.compare(DD)I @ 3 c2

Classes redefined (0 events):
No events

Internal exceptions (10 events):
Event: 2.362 Thread 0x000001d898067800 Exception <a 'java/lang/NoSuchMethodError'{0x0000000620530478}: java.lang.invoke.DirectMethodHandle$Holder.invokeStatic(Ljava/lang/Object;J)V> (0x0000000620530478) thrown at [./open/src/hotspot/share/interpreter/linkResolver.cpp, line 772]
Event: 2.362 Thread 0x000001d898067800 Exception <a 'java/lang/NoSuchMethodError'{0x0000000620535688}: java.lang.invoke.DirectMethodHandle$Holder.invokeStatic(Ljava/lang/Object;J)Ljava/lang/Object;> (0x0000000620535688) thrown at [./open/src/hotspot/share/interpreter/linkResolver.cpp, line 772
Event: 2.369 Thread 0x000001d898067800 Exception <a 'java/lang/NoSuchMethodError'{0x0000000621a06268}: java.lang.invoke.DirectMethodHandle$Holder.invokeStaticInit(Ljava/lang/Object;Ljava/lang/Object;JLjava/lang/Object;)Ljava/lang/Object;> (0x0000000621a06268) thrown at [./open/src/hotspot/shar
Event: 2.370 Thread 0x000001d898067800 Exception <a 'java/lang/NoSuchMethodError'{0x0000000621a0c1b8}: java.lang.invoke.DirectMethodHandle$Holder.invokeStatic(Ljava/lang/Object;Ljava/lang/Object;J)Ljava/lang/Object;> (0x0000000621a0c1b8) thrown at [./open/src/hotspot/share/interpreter/linkReso
Event: 2.370 Thread 0x000001d898067800 Exception <a 'java/lang/NoSuchMethodError'{0x0000000621a12488}: java.lang.invoke.Invokers$Holder.linkToTargetMethod(Ljava/lang/Object;JLjava/lang/Object;)Ljava/lang/Object;> (0x0000000621a12488) thrown at [./open/src/hotspot/share/interpreter/linkResolver
Event: 3.745 Thread 0x000001d8c5d2e800 Implicit null exception at 0x000001d8a72ff202 to 0x000001d8a72ff4d4
Event: 4.525 Thread 0x000001d8c5d2e800 Exception <a 'java/lang/NoSuchMethodError'{0x000000061e062ae0}: java.lang.invoke.DirectMethodHandle$Holder.invokeSpecial(Ljava/lang/Object;Ljava/lang/Object;IIILjava/lang/Object;Ljava/lang/Object;Ljava/lang/Object;)Ljava/lang/Object;> (0x000000061e062ae0)
Event: 4.525 Thread 0x000001d8c5d2e800 Exception <a 'java/lang/NoSuchMethodError'{0x000000061e066110}: java.lang.invoke.DelegatingMethodHandle$Holder.reinvoke_L(Ljava/lang/Object;IIILjava/lang/Object;Ljava/lang/Object;Ljava/lang/Object;)Ljava/lang/Object;> (0x000000061e066110) thrown at [./ope
Event: 4.526 Thread 0x000001d8c5d2e800 Exception <a 'java/lang/NoSuchMethodError'{0x000000061e06d6e8}: java.lang.invoke.DirectMethodHandle$Holder.invokeStatic(Ljava/lang/Object;Ljava/lang/Object;Ljava/lang/Object;Ljava/lang/Object;Ljava/lang/Object;I)Ljava/lang/Object;> (0x000000061e06d6e8) th
Event: 4.530 Thread 0x000001d8c5d2e800 Exception <a 'java/lang/NoSuchMethodError'{0x000000061e110fc0}: java.lang.invoke.DirectMethodHandle$Holder.invokeStatic(Ljava/lang/Object;Ljava/lang/Object;Ljava/lang/Object;Ljava/lang/Object;Ljava/lang/Object;Ljava/lang/Object;I)Ljava/lang/Object;> (0x00

Events (10 events):
Event: 25.514 loading class jdk/internal/math/FDBigInteger
Event: 25.515 loading class jdk/internal/math/FDBigInteger done
Event: 25.515 Thread 0x000001d8c5d2e800 Uncommon trap: trap_request=0xffffff4d fr.pc=0x000001d8a73e4c34 relative=0x0000000000000394
Event: 25.515 Thread 0x000001d8c5d2e800 DEOPT PACKING pc=0x000001d8a73e4c34 sp=0x000000a6022fc8a0
Event: 25.516 Thread 0x000001d8c5d2e800 DEOPT UNPACKING pc=0x000001d89f7668af sp=0x000000a6022fc828 mode 2
Event: 25.516 Thread 0x000001d8c5d2e800 Uncommon trap: trap_request=0xffffff4d fr.pc=0x000001d8a73dd1c0 relative=0x00000000000000c0
Event: 25.516 Thread 0x000001d8c5d2e800 DEOPT PACKING pc=0x000001d8a73dd1c0 sp=0x000000a6022fcae0
Event: 25.516 Thread 0x000001d8c5d2e800 DEOPT UNPACKING pc=0x000001d89f7668af sp=0x000000a6022fca40 mode 2
Event: 29.013 Thread 0x000001d8c5d2e800 DEOPT PACKING pc=0x000001d8a03a70d9 sp=0x000000a6022fcbe0
Event: 29.013 Thread 0x000001d8c5d2e800 DEOPT UNPACKING pc=0x000001d89f76705e sp=0x000000a6022fc1a0 mode 0


Dynamic libraries:
0x00007ff767660000 - 0x00007ff76766f000 	C:\Program Files\Java\jdk-11.0.17\bin\java.exe
0x00007ffbf5f30000 - 0x00007ffbf6128000 	C:\Windows\SYSTEM32\ntdll.dll
0x00007ffbf5250000 - 0x00007ffbf530f000 	C:\Windows\System32\KERNEL32.DLL
0x00007ffbf3710000 - 0x00007ffbf39e2000 	C:\Windows\System32\KERNELBASE.dll
0x00007ffbf3c40000 - 0x00007ffbf3d40000 	C:\Windows\System32\ucrtbase.dll
0x00007ffbe6a90000 - 0x00007ffbe6aa8000 	C:\Program Files\Java\jdk-11.0.17\bin\jli.dll
0x00007ffbe6ab0000 - 0x00007ffbe6ac5000 	C:\Program Files\Java\jdk-11.0.17\bin\VCRUNTIME140.dll
0x00007ffbf4200000 - 0x00007ffbf42ae000 	C:\Windows\System32\ADVAPI32.dll
0x00007ffbf5be0000 - 0x00007ffbf5c7e000 	C:\Windows\System32\msvcrt.dll
0x00007ffbf3f70000 - 0x00007ffbf400c000 	C:\Windows\System32\sechost.dll
0x00007ffbf49d0000 - 0x00007ffbf4af5000 	C:\Windows\System32\RPCRT4.dll
0x00007ffbf4820000 - 0x00007ffbf49c1000 	C:\Windows\System32\USER32.dll
0x00007ffbe56b0000 - 0x00007ffbe594a000 	C:\Windows\WinSxS\amd64_microsoft.windows.common-controls_6595b64144ccf1df_6.0.19041.1110_none_60b5254171f9507e\COMCTL32.dll
0x00007ffbf3620000 - 0x00007ffbf3642000 	C:\Windows\System32\win32u.dll
0x00007ffbf4760000 - 0x00007ffbf478b000 	C:\Windows\System32\GDI32.dll
0x00007ffbf3db0000 - 0x00007ffbf3ebf000 	C:\Windows\System32\gdi32full.dll
0x00007ffbf3ba0000 - 0x00007ffbf3c3d000 	C:\Windows\System32\msvcp_win.dll
0x00007ffbeb480000 - 0x00007ffbeb48a000 	C:\Windows\SYSTEM32\VERSION.dll
0x00007ffbf41a0000 - 0x00007ffbf41d2000 	C:\Windows\System32\IMM32.DLL
0x00007ffbe69f0000 - 0x00007ffbe6a8b000 	C:\Program Files\Java\jdk-11.0.17\bin\msvcp140.dll
0x00007ffb96320000 - 0x00007ffb96e3a000 	C:\Program Files\Java\jdk-11.0.17\bin\server\jvm.dll
0x00007ffbf4790000 - 0x00007ffbf4798000 	C:\Windows\System32\PSAPI.DLL
0x00007ffbe4da0000 - 0x00007ffbe4da9000 	C:\Windows\SYSTEM32\WSOCK32.dll
0x00007ffbf47b0000 - 0x00007ffbf481b000 	C:\Windows\System32\WS2_32.dll
0x00007ffbeb450000 - 0x00007ffbeb477000 	C:\Windows\SYSTEM32\WINMM.dll
0x00007ffbf1500000 - 0x00007ffbf1512000 	C:\Windows\SYSTEM32\kernel.appcore.dll
0x00007ffbe6ca0000 - 0x00007ffbe6cb0000 	C:\Program Files\Java\jdk-11.0.17\bin\verify.dll
0x00007ffbeb650000 - 0x00007ffbeb834000 	C:\Windows\SYSTEM32\DBGHELP.DLL
0x00007ffbe0520000 - 0x00007ffbe0555000 	C:\Windows\SYSTEM32\dbgcore.DLL
0x00007ffbf3650000 - 0x00007ffbf36d2000 	C:\Windows\System32\bcryptPrimitives.dll
0x00007ffbe69c0000 - 0x00007ffbe69e8000 	C:\Program Files\Java\jdk-11.0.17\bin\java.dll
0x00007ffbe69b0000 - 0x00007ffbe69ba000 	C:\Program Files\Java\jdk-11.0.17\bin\jimage.dll
0x00007ffbe6990000 - 0x00007ffbe69a6000 	C:\Program Files\Java\jdk-11.0.17\bin\zip.dll
0x00007ffbf4b00000 - 0x00007ffbf5245000 	C:\Windows\System32\SHELL32.dll
0x00007ffbf1700000 - 0x00007ffbf1e92000 	C:\Windows\SYSTEM32\windows.storage.dll
0x00007ffbf53a0000 - 0x00007ffbf56f5000 	C:\Windows\System32\combase.dll
0x00007ffbf3080000 - 0x00007ffbf30b0000 	C:\Windows\SYSTEM32\Wldp.dll
0x00007ffbf46b0000 - 0x00007ffbf475d000 	C:\Windows\System32\SHCORE.dll
0x00007ffbf5c80000 - 0x00007ffbf5cd5000 	C:\Windows\System32\shlwapi.dll
0x00007ffbf3560000 - 0x00007ffbf357f000 	C:\Windows\SYSTEM32\profapi.dll
0x00007ffbe6970000 - 0x00007ffbe6989000 	C:\Program Files\Java\jdk-11.0.17\bin\net.dll
0x00007ffbedd10000 - 0x00007ffbede1c000 	C:\Windows\SYSTEM32\WINHTTP.dll
0x00007ffbf2de0000 - 0x00007ffbf2e4a000 	C:\Windows\system32\mswsock.dll
0x00007ffbe6950000 - 0x00007ffbe6962000 	C:\Program Files\Java\jdk-11.0.17\bin\nio.dll
0x00007ffb97e30000 - 0x00007ffb97fcb000 	C:\Program Files\Java\jdk-11.0.17\bin\awt.dll
0x00007ffbf42b0000 - 0x00007ffbf437d000 	C:\Windows\System32\OLEAUT32.dll
0x00007ffbf0e50000 - 0x00007ffbf0ee0000 	C:\Windows\SYSTEM32\apphelp.dll
0x00007ffbf1210000 - 0x00007ffbf123f000 	C:\Windows\system32\DWMAPI.DLL
0x00007ffbf1030000 - 0x00007ffbf10ce000 	C:\Windows\system32\uxtheme.dll
0x00007ffbb5540000 - 0x00007ffbb5665000 	C:\Windows\system32\opengl32.dll
0x00007ffbb7e90000 - 0x00007ffbb7ebc000 	C:\Windows\SYSTEM32\GLU32.dll
0x00007ffbf4590000 - 0x00007ffbf46a5000 	C:\Windows\System32\MSCTF.dll
0x00007ffbf5dc0000 - 0x00007ffbf5eea000 	C:\Windows\System32\ole32.dll
0x00007ffbe68c0000 - 0x00007ffbe6943000 	C:\Program Files\Java\jdk-11.0.17\bin\freetype.dll
0x00007ffba51c0000 - 0x00007ffba5282000 	C:\Program Files\Java\jdk-11.0.17\bin\fontmanager.dll
0x00007ffbe70d0000 - 0x00007ffbe71c9000 	C:\Windows\SYSTEM32\textinputframework.dll
0x00007ffbf07e0000 - 0x00007ffbf0b3e000 	C:\Windows\System32\CoreUIComponents.dll
0x00007ffbf0b40000 - 0x00007ffbf0c32000 	C:\Windows\System32\CoreMessaging.dll
0x00007ffbf27b0000 - 0x00007ffbf27e3000 	C:\Windows\SYSTEM32\ntmarta.dll
0x00007ffbf0110000 - 0x00007ffbf0264000 	C:\Windows\SYSTEM32\wintypes.dll
0x00007ffbe3470000 - 0x00007ffbe34d6000 	C:\Windows\system32\Oleacc.dll
0x00007ffbcb1c0000 - 0x00007ffbcb1e5000 	C:\javagaming\jinput\lib\jinput-dx8_64.dll
0x00007ffbc35d0000 - 0x00007ffbc3615000 	C:\Windows\SYSTEM32\DINPUT8.dll
0x00007ffbe71d0000 - 0x00007ffbe7322000 	C:\Windows\SYSTEM32\inputhost.dll
0x00007ffbef030000 - 0x00007ffbef126000 	C:\Windows\SYSTEM32\PROPSYS.dll
0x00007ffbf1ea0000 - 0x00007ffbf1ead000 	C:\Windows\SYSTEM32\HID.DLL
0x00007ffbf5700000 - 0x00007ffbf5b68000 	C:\Windows\System32\SETUPAPI.DLL
0x00007ffbf39f0000 - 0x00007ffbf3a3e000 	C:\Windows\System32\cfgmgr32.dll
0x00007ffbf36e0000 - 0x00007ffbf3707000 	C:\Windows\System32\bcrypt.dll
0x00007ffbf33d0000 - 0x00007ffbf33fc000 	C:\Windows\SYSTEM32\DEVOBJ.dll
0x00007ffbf3d40000 - 0x00007ffbf3da9000 	C:\Windows\System32\WINTRUST.dll
0x00007ffbf3a40000 - 0x00007ffbf3b96000 	C:\Windows\System32\CRYPT32.dll
0x00007ffbf3210000 - 0x00007ffbf3222000 	C:\Windows\SYSTEM32\MSASN1.dll
0x00007ffbbf550000 - 0x00007ffbbf576000 	C:\javagaming\jinput\lib\jinput-raw_64.dll
0x00007ffbf2fd0000 - 0x00007ffbf2fe8000 	C:\Windows\SYSTEM32\CRYPTSP.dll
0x00007ffbf2690000 - 0x00007ffbf26c4000 	C:\Windows\system32\rsaenh.dll
0x00007ffbf34e0000 - 0x00007ffbf350e000 	C:\Windows\SYSTEM32\USERENV.dll
0x00007ffbf2ff0000 - 0x00007ffbf2ffc000 	C:\Windows\SYSTEM32\CRYPTBASE.dll
0x00007ffbf2a80000 - 0x00007ffbf2abb000 	C:\Windows\SYSTEM32\IPHLPAPI.DLL
0x00007ffbf5b70000 - 0x00007ffbf5b78000 	C:\Windows\System32\NSI.dll
0x00007ffbed8d0000 - 0x00007ffbed8e7000 	C:\Windows\SYSTEM32\dhcpcsvc6.DLL
0x00007ffbed8b0000 - 0x00007ffbed8cd000 	C:\Windows\SYSTEM32\dhcpcsvc.DLL
0x00007ffbf2ac0000 - 0x00007ffbf2b8b000 	C:\Windows\SYSTEM32\DNSAPI.dll
0x000000006e8c0000 - 0x000000006e8cd000 	C:\Users\Ethan-PC\AppData\Local\Temp\jogamp_0000\file_cache\jln10841518010259188580\jln6646856919839515729\natives\windows-amd64\gluegen_rt.dll
0x00007ffbe4440000 - 0x00007ffbe4447000 	C:\Program Files\Java\jdk-11.0.17\bin\jawt.dll
0x000000006a440000 - 0x000000006a44d000 	C:\Users\Ethan-PC\AppData\Local\Temp\jogamp_0000\file_cache\jln10841518010259188580\jln6646856919839515729\natives\windows-amd64\nativewindow_awt.dll
0x000000006c100000 - 0x000000006c110000 	C:\Users\Ethan-PC\AppData\Local\Temp\jogamp_0000\file_cache\jln10841518010259188580\jln6646856919839515729\natives\windows-amd64\nativewindow_win32.dll
0x0000000064500000 - 0x0000000064585000 	C:\Users\Ethan-PC\AppData\Local\Temp\jogamp_0000\file_cache\jln10841518010259188580\jln6646856919839515729\natives\windows-amd64\jogl_desktop.dll
0x0000000064340000 - 0x0000000064391000 	C:\Users\Ethan-PC\AppData\Local\Temp\jogamp_0000\file_cache\jln10841518010259188580\jln6646856919839515729\natives\windows-amd64\jogl_mobile.dll
0x00007ffbf40f0000 - 0x00007ffbf4199000 	C:\Windows\System32\clbcatq.dll
0x00007ffbee840000 - 0x00007ffbee937000 	C:\Windows\System32\AppXDeploymentClient.dll
0x00007ffbb81e0000 - 0x00007ffbb820d000 	C:\Windows\System32\DriverStore\FileRepository\u0382767.inf_amd64_2ba2e1bcba1eb9ff\B378972\atig6pxx.dll
0x00007ffba5840000 - 0x00007ffba86bf000 	C:\Windows\System32\DriverStore\FileRepository\u0382767.inf_amd64_2ba2e1bcba1eb9ff\B378972\atio6axx.dll
0x00007ffbe3c30000 - 0x00007ffbe3c54000 	C:\Windows\SYSTEM32\dxva2.dll
0x00007ffbb81a0000 - 0x00007ffbb81df000 	C:\Windows\System32\DriverStore\FileRepository\u0382767.inf_amd64_2ba2e1bcba1eb9ff\B378972\atig6txx.dll
0x00007ffb97c40000 - 0x00007ffb97e2c000 	C:\Windows\SYSTEM32\atiadlxx.dll
0x00007ffbe00c0000 - 0x00007ffbe0109000 	C:\Windows\SYSTEM32\pdh.dll
0x00007ffbec110000 - 0x00007ffbec14b000 	C:\Windows\SYSTEM32\dxcore.dll
0x00007ffbcf7a0000 - 0x00007ffbcf7cd000 	C:\Program Files\Java\jdk-11.0.17\bin\javajpeg.dll
0x00007ffbb8880000 - 0x00007ffbb897d000 	C:\Users\Ethan-PC\AppData\Local\Discord\app-1.0.9011\modules\discord_hook-1\discord_hook\48307f946ce\DiscordHook64.dll
0x00007ffbf2bf0000 - 0x00007ffbf2c3b000 	C:\Windows\SYSTEM32\powrprof.dll
0x00007ffbf2a60000 - 0x00007ffbf2a72000 	C:\Windows\SYSTEM32\UMPDC.dll
0x00007ffbf1ee0000 - 0x00007ffbf1fd3000 	C:\Windows\SYSTEM32\dxgi.dll
0x00007ffbef790000 - 0x00007ffbef9f3000 	C:\Windows\SYSTEM32\d3d11.dll
0x00007ffbeb490000 - 0x00007ffbeb649000 	C:\Windows\System32\DriverStore\FileRepository\u0382767.inf_amd64_2ba2e1bcba1eb9ff\B378972\aticfx64.dll
0x00007ffbeb3b0000 - 0x00007ffbeb3e9000 	C:\Windows\System32\DriverStore\FileRepository\u0382767.inf_amd64_2ba2e1bcba1eb9ff\B378972\atiuxp64.dll
0x00007ffbe9440000 - 0x00007ffbeb3ab000 	C:\Windows\System32\DriverStore\FileRepository\u0382767.inf_amd64_2ba2e1bcba1eb9ff\B378972\atidxx64.dll
0x00007ffbe9360000 - 0x00007ffbe9390000 	C:\Windows\SYSTEM32\amdihk64.dll
0x00007ffbef330000 - 0x00007ffbef78d000 	C:\Windows\SYSTEM32\D3DCompiler_47.dll

dbghelp: loaded successfully - version: 4.0.5 - missing functions: none
symbol engine: initialized successfully - sym options: 0x614 - pdb path: .;C:\Program Files\Java\jdk-11.0.17\bin;C:\Windows\SYSTEM32;C:\Windows\WinSxS\amd64_microsoft.windows.common-controls_6595b64144ccf1df_6.0.19041.1110_none_60b5254171f9507e;C:\Program Files\Java\jdk-11.0.17\bin\server;C:\javagaming\jinput\lib;C:\Users\Ethan-PC\AppData\Local\Temp\jogamp_0000\file_cache\jln10841518010259188580\jln6646856919839515729\natives\windows-amd64;C:\Windows\System32\DriverStore\FileRepository\u0382767.inf_amd64_2ba2e1bcba1eb9ff\B378972;C:\Users\Ethan-PC\AppData\Local\Discord\app-1.0.9011\modules\discord_hook-1\discord_hook\48307f946ce

VM Arguments:
jvm_args: -Dsun.java2d.d3d=false -Dsun.java2d.uiScale=1 
java_command: a2.MyGame
java_class_path (initial): .;C:\javagaming\jogl\jogl-all.jar;C:\javagaming\jogl\gluegen-rt.jar;C:\javagaming\jogl\joal.jar;C:\javagaming\joml\joml-1.10.0.jar;C:\javagaming\jinput\jinput.jar;C:\javagaming\jbullet\jbullet.jar;C:\javagaming\vecmath\vecmath.jar;
Launcher Type: SUN_STANDARD

[Global flags]
     intx CICompilerCount                          = 4                                         {product} {ergonomic}
     uint ConcGCThreads                            = 3                                         {product} {ergonomic}
     uint G1ConcRefinementThreads                  = 10                                        {product} {ergonomic}
   size_t G1HeapRegionSize                         = 2097152                                   {product} {ergonomic}
    uintx GCDrainStackTargetSize                   = 64                                        {product} {ergonomic}
   size_t InitialHeapSize                          = 536870912                                 {product} {ergonomic}
   size_t MarkStackSize                            = 4194304                                   {product} {ergonomic}
   size_t MaxHeapSize                              = 8560574464                                {product} {ergonomic}
   size_t MaxNewSize                               = 5135925248                                {product} {ergonomic}
   size_t MinHeapDeltaBytes                        = 2097152                                   {product} {ergonomic}
    uintx NonNMethodCodeHeapSize                   = 5836300                                {pd product} {ergonomic}
    uintx NonProfiledCodeHeapSize                  = 122910970                              {pd product} {ergonomic}
    uintx ProfiledCodeHeapSize                     = 122910970                              {pd product} {ergonomic}
    uintx ReservedCodeCacheSize                    = 251658240                              {pd product} {ergonomic}
     bool SegmentedCodeCache                       = true                                      {product} {ergonomic}
     bool UseCompressedClassPointers               = true                                 {lp64_product} {ergonomic}
     bool UseCompressedOops                        = true                                 {lp64_product} {ergonomic}
     bool UseG1GC                                  = true                                      {product} {ergonomic}
     bool UseLargePagesIndividualAllocation        = false                                  {pd product} {ergonomic}

Logging:
Log output configuration:
 #0: stdout all=warning uptime,level,tags
 #1: stderr all=off uptime,level,tags

Environment Variables:
CLASSPATH=.;C:\javagaming\jogl\jogl-all.jar;C:\javagaming\jogl\gluegen-rt.jar;C:\javagaming\jogl\joal.jar;C:\javagaming\joml\joml-1.10.0.jar;C:\javagaming\jinput\jinput.jar;C:\javagaming\jbullet\jbullet.jar;C:\javagaming\vecmath\vecmath.jar;
PATH=C:\javagaming\jinput\lib;C:\Program Files\Common Files\Oracle\Java\javapath;C:\Program Files (x86)\NVIDIA Corporation\PhysX\Common;C:\Windows\system32;C:\Windows;C:\Windows\System32\Wbem;C:\Windows\System32\WindowsPowerShell\v1.0\;C:\Windows\System32\OpenSSH\;C:\Program Files\nodejs\;C:\Program Files\Git\cmd;C:\Program Files\dotnet\;C:\Users\Ethan-PC\AppData\Local\Microsoft\WindowsApps;C:\Users\Ethan-PC\AppData\Local\Programs\Microsoft VS Code\bin;C:\msys64\mingw64\bin;C:\Users\Ethan-PC\AppData\Roaming\npm;C:\Users\Ethan-PC\AppData\Local\GitHubDesktop\bin
USERNAME=Ethan-PC
OS=Windows_NT
PROCESSOR_IDENTIFIER=AMD64 Family 23 Model 113 Stepping 0, AuthenticAMD



---------------  S Y S T E M  ---------------

OS: Windows 10 , 64 bit Build 19041 (10.0.19041.2546)

CPU:total 12 (initial active 12) (12 cores per cpu, 2 threads per core) family 23 model 113 stepping 0 microcode 0x0, cmov, cx8, fxsr, mmx, sse, sse2, sse3, ssse3, sse4.1, sse4.2, popcnt, avx, avx2, aes, clmul, mmxext, 3dnowpref, lzcnt, sse4a, ht, tsc, tscinvbit, tscinv, bmi1, bmi2, adx,

Memory: 4k page, system-wide physical 32655M (21907M free)
TotalPageFile size 37519M (AvailPageFile size 16193M)
current process WorkingSet (physical memory assigned to process): 1686M, peak: 1686M
current process commit charge ("private bytes"): 5190M, peak: 5190M

vm_info: Java HotSpot(TM) 64-Bit Server VM (11.0.17+10-LTS-269) for windows-amd64 JRE (11.0.17+10-LTS-269), built on Sep 13 2022 19:26:37 by "mach5one" with MS VC++ 15.9 (VS2017)

END.
